Flow report for router_fsm
Tue Apr 26 23:01:17 2022
Quartus Prime Version 17.1.0 Build 590 10/25/2017 SJ Lite Edition


---------------------
; Table of Contents ;
---------------------
  1. Legal Notice
  2. Flow Summary
  3. Flow Settings
  4. Flow Non-Default Global Settings
  5. Flow Elapsed Time
  6. Flow OS Summary
  7. Flow Log
  8. Flow Messages
  9. Flow Suppressed Messages



----------------
; Legal Notice ;
----------------
Copyright (C) 2017  Intel Corporation. All rights reserved.
Your use of Intel Corporation's design tools, logic functions 
and other software and tools, and its AMPP partner logic 
functions, and any output files from any of the foregoing 
(including device programming or simulation files), and any 
associated documentation or information are expressly subject 
to the terms and conditions of the Intel Program License 
Subscription Agreement, the Intel Quartus Prime License Agreement,
the Intel FPGA IP License Agreement, or other applicable license
agreement, including, without limitation, that your use is for
the sole purpose of programming logic devices manufactured by
Intel and sold by Intel or its authorized distributors.  Please
refer to the applicable agreement for further details.



+---------------------------------------------------------------------+
; Flow Summary                                                        ;
+-----------------------+---------------------------------------------+
; Flow Status           ; Successful - Tue Apr 26 23:01:14 2022       ;
; Quartus Prime Version ; 17.1.0 Build 590 10/25/2017 SJ Lite Edition ;
; Revision Name         ; router_fsm                                  ;
; Top-level Entity Name ; router_fsm                                  ;
; Family                ; MAX V                                       ;
; Total logic elements  ; 22 / 40 ( 55 % )                            ;
; Total pins            ; 22 / 54 ( 41 % )                            ;
; Total virtual pins    ; 0                                           ;
; UFM blocks            ; 0 / 1 ( 0 % )                               ;
; Device                ; 5M40ZE64C4                                  ;
; Timing Models         ; Final                                       ;
+-----------------------+---------------------------------------------+


+-----------------------------------------+
; Flow Settings                           ;
+-------------------+---------------------+
; Option            ; Setting             ;
+-------------------+---------------------+
; Start date & time ; 04/26/2022 23:00:56 ;
; Main task         ; Compilation         ;
; Revision Name     ; router_fsm          ;
+-------------------+---------------------+


+-----------------------------------------------------------------------------------------------------+
; Flow Non-Default Global Settings                                                                    ;
+--------------------------+-------------------------------+---------------+-------------+------------+
; Assignment Name          ; Value                         ; Default Value ; Entity Name ; Section Id ;
+--------------------------+-------------------------------+---------------+-------------+------------+
; COMPILER_SIGNATURE_ID    ; 1095572490728.165099425603824 ; --            ; --          ; --         ;
; PROJECT_OUTPUT_DIRECTORY ; output_files                  ; --            ; --          ; --         ;
+--------------------------+-------------------------------+---------------+-------------+------------+


+-------------------------------------------------------------------------------------------------------------------------------+
; Flow Elapsed Time                                                                                                             ;
+---------------------------+--------------+-------------------------+---------------------+------------------------------------+
; Module Name               ; Elapsed Time ; Average Processors Used ; Peak Virtual Memory ; Total CPU Time (on all processors) ;
+---------------------------+--------------+-------------------------+---------------------+------------------------------------+
; Analysis & Synthesis      ; 00:00:15     ; 1.0                     ; 4697 MB             ; 00:00:30                           ;
; Fitter                    ; 00:00:02     ; 1.0                     ; 5316 MB             ; 00:00:02                           ;
; Assembler                 ; 00:00:00     ; 1.0                     ; 4648 MB             ; 00:00:01                           ;
; TimeQuest Timing Analyzer ; 00:00:02     ; 1.0                     ; 4664 MB             ; 00:00:01                           ;
; Total                     ; 00:00:19     ; --                      ; --                  ; 00:00:34                           ;
+---------------------------+--------------+-------------------------+---------------------+------------------------------------+


+-----------------------------------------------------------------------------------------+
; Flow OS Summary                                                                         ;
+---------------------------+------------------+------------+------------+----------------+
; Module Name               ; Machine Hostname ; OS Name    ; OS Version ; Processor type ;
+---------------------------+------------------+------------+------------+----------------+
; Analysis & Synthesis      ; DESKTOP-LOATGQ5  ; Windows 10 ; 10.0       ; x86_64         ;
; Fitter                    ; DESKTOP-LOATGQ5  ; Windows 10 ; 10.0       ; x86_64         ;
; Assembler                 ; DESKTOP-LOATGQ5  ; Windows 10 ; 10.0       ; x86_64         ;
; TimeQuest Timing Analyzer ; DESKTOP-LOATGQ5  ; Windows 10 ; 10.0       ; x86_64         ;
+---------------------------+------------------+------------+------------+----------------+


------------
; Flow Log ;
------------
quartus_map --read_settings_files=on --write_settings_files=off router_fsm -c router_fsm
quartus_fit --read_settings_files=off --write_settings_files=off router_fsm -c router_fsm
quartus_asm --read_settings_files=off --write_settings_files=off router_fsm -c router_fsm
quartus_sta router_fsm -c router_fsm



